<?xml version="1.0" encoding="utf-8" standalone="no"?>
<test-results xmlns:xsi="http://www.w3.org/2001/XMLSchema-instance" xsi:noNamespaceSchemaLocation="nunit_schema_2.5.xsd" name="Pester" total="93" errors="0" failures="7" not-run="0" inconclusive="0" ignored="0" skipped="0" invalid="0" date="2026-02-17" time="22:42:19">
  <environment cwd="/workspaces/DevOpsApiClients" platform="Linux" user-domain="" os-version="6.8.0-1044-azure" user="codespace" machine-name="codespaces-1b05ca" nunit-version="2.5.8.0" clr-version="9.0.10" />
  <culture-info current-culture="" current-uiculture="" />
  <test-suite type="TestFixture" name="Pester" executed="True" result="Failure" success="False" time="7.0353" asserts="0" description="Pester">
    <results>
      <test-suite type="TestFixture" name="/workspaces/DevOpsApiClients/Build/Definitions/tests/Get-Definition.Tests.ps1" executed="True" result="Success" success="True" time="1.3706" asserts="0" description="/workspaces/DevOpsApiClients/Build/Definitions/tests/Get-Definition.Tests.ps1">
        <results>
          <test-suite type="TestFixture" name="Get-Definition.ps1" executed="True" result="Success" success="True" time="0.8533" asserts="0" description="Get-Definition.ps1">
            <results>
              <test-suite type="TestFixture" name="Get-Definition.ps1.Input validation" executed="True" result="Success" success="True" time="0.3198" asserts="0" description="Get-Definition.ps1.Input validation">
                <results>
                  <test-case description="Throws when Organisation is empty" name="Get-Definition.ps1.Input validation.Throws when Organisation is empty" time="0.197" asserts="0" success="True" result="Success" executed="True" />
                  <test-case description="Throws when ProjectId is empty" name="Get-Definition.ps1.Input validation.Throws when ProjectId is empty" time="0.0129" asserts="0" success="True" result="Success" executed="True" />
                  <test-case description="Throws when DefinitionId is empty" name="Get-Definition.ps1.Input validation.Throws when DefinitionId is empty" time="0.0345" asserts="0" success="True" result="Success" executed="True" />
                  <test-case description="Throws when Pat is empty" name="Get-Definition.ps1.Input validation.Throws when Pat is empty" time="0.0245" asserts="0" success="True" result="Success" executed="True" />
                </results>
              </test-suite>
              <test-suite type="TestFixture" name="Get-Definition.ps1.Successful API call (mocked)" executed="True" result="Success" success="True" time="0.7593" asserts="0" description="Get-Definition.ps1.Successful API call (mocked)">
                <results>
                  <test-case description="Calls the correct URL including definition ID" name="Get-Definition.ps1.Successful API call (mocked).Calls the correct URL including definition ID" time="0.3705" asserts="0" success="True" result="Success" executed="True" />
                  <test-case description="Outputs definition name" name="Get-Definition.ps1.Successful API call (mocked).Outputs definition name" time="0.028" asserts="0" success="True" result="Success" executed="True" />
                </results>
              </test-suite>
              <test-suite type="TestFixture" name="Get-Definition.ps1.HTTP error handling" executed="True" result="Success" success="True" time="0.8089" asserts="0" description="Get-Definition.ps1.HTTP error handling">
                <results>
                  <test-case description="Throws on 404 (definition not found)" name="Get-Definition.ps1.HTTP error handling.Throws on 404 (definition not found)" time="0.0407" asserts="0" success="True" result="Success" executed="True" />
                </results>
              </test-suite>
            </results>
          </test-suite>
        </results>
      </test-suite>
      <test-suite type="TestFixture" name="/workspaces/DevOpsApiClients/Build/Definitions/tests/List-Definitions.Tests.ps1" executed="True" result="Success" success="True" time="0.5417" asserts="0" description="/workspaces/DevOpsApiClients/Build/Definitions/tests/List-Definitions.Tests.ps1">
        <results>
          <test-suite type="TestFixture" name="List-Definitions.ps1" executed="True" result="Success" success="True" time="0.4959" asserts="0" description="List-Definitions.ps1">
            <results>
              <test-suite type="TestFixture" name="List-Definitions.ps1.Input validation" executed="True" result="Success" success="True" time="0.2198" asserts="0" description="List-Definitions.ps1.Input validation">
                <results>
                  <test-case description="Throws when Organisation is empty" name="List-Definitions.ps1.Input validation.Throws when Organisation is empty" time="0.0346" asserts="0" success="True" result="Success" executed="True" />
                  <test-case description="Throws when ProjectId is empty" name="List-Definitions.ps1.Input validation.Throws when ProjectId is empty" time="0.1305" asserts="0" success="True" result="Success" executed="True" />
                  <test-case description="Throws when Pat is empty" name="List-Definitions.ps1.Input validation.Throws when Pat is empty" time="0.0414" asserts="0" success="True" result="Success" executed="True" />
                </results>
              </test-suite>
              <test-suite type="TestFixture" name="List-Definitions.ps1.Successful API call (mocked)" executed="True" result="Success" success="True" time="0.4484" asserts="0" description="List-Definitions.ps1.Successful API call (mocked)">
                <results>
                  <test-case description="Calls the correct URL" name="List-Definitions.ps1.Successful API call (mocked).Calls the correct URL" time="0.1139" asserts="0" success="True" result="Success" executed="True" />
                  <test-case description="Sends correct Authorization header" name="List-Definitions.ps1.Successful API call (mocked).Sends correct Authorization header" time="0.0386" asserts="0" success="True" result="Success" executed="True" />
                  <test-case description="Outputs definition count" name="List-Definitions.ps1.Successful API call (mocked).Outputs definition count" time="0.0565" asserts="0" success="True" result="Success" executed="True" />
                </results>
              </test-suite>
              <test-suite type="TestFixture" name="List-Definitions.ps1.HTTP error handling" executed="True" result="Success" success="True" time="0.4874" asserts="0" description="List-Definitions.ps1.HTTP error handling">
                <results>
                  <test-case description="Throws on 401 (auth failure)" name="List-Definitions.ps1.HTTP error handling.Throws on 401 (auth failure)" time="0.033" asserts="0" success="True" result="Success" executed="True" />
                </results>
              </test-suite>
            </results>
          </test-suite>
        </results>
      </test-suite>
      <test-suite type="TestFixture" name="/workspaces/DevOpsApiClients/Git/PullRequests/tests/List-PullRequests.Tests.ps1" executed="True" result="Failure" success="False" time="1.8702" asserts="0" description="/workspaces/DevOpsApiClients/Git/PullRequests/tests/List-PullRequests.Tests.ps1">
        <results>
          <test-suite type="TestFixture" name="List-PullRequests.ps1" executed="True" result="Failure" success="False" time="1.6531" asserts="0" description="List-PullRequests.ps1">
            <results>
              <test-suite type="TestFixture" name="List-PullRequests.ps1.Input validation" executed="True" result="Failure" success="False" time="1.2738" asserts="0" description="List-PullRequests.ps1.Input validation">
                <results>
                  <test-case description="Throws when Organisation is empty" name="List-PullRequests.ps1.Input validation.Throws when Organisation is empty" time="0.4732" asserts="0" success="False" result="Failure" executed="True">
                    <failure>
                      <message>Expected an exception with message like '*Organisation*' to be thrown, but the message was 'The property 'count' cannot be found on this object. Verify that the property exists.'. from /workspaces/DevOpsApiClients/Git/PullRequests/tests/List-PullRequests.Tests.ps1:23 char:17
    + …             &amp; $ScriptPath -ProjectId $ProjectGuid -RepositoryId 'test …
    +               ~~~~~~~~~~~~~~~~~~~~~~~~~~~~~~~~~~~~~~~~~~~~~~~~~~~~~~~~~</message>
                      <stack-trace>at } | Should -Throw '*Organisation*', /workspaces/DevOpsApiClients/Git/PullRequests/tests/List-PullRequests.Tests.ps1:24
at &lt;ScriptBlock&gt;, /workspaces/DevOpsApiClients/Git/PullRequests/tests/List-PullRequests.Tests.ps1:22</stack-trace>
                    </failure>
                  </test-case>
                  <test-case description="Throws when ProjectId is empty" name="List-PullRequests.ps1.Input validation.Throws when ProjectId is empty" time="0.4855" asserts="0" success="False" result="Failure" executed="True">
                    <failure>
                      <message>Expected an exception with message like '*ProjectId*' to be thrown, but the message was 'The property 'count' cannot be found on this object. Verify that the property exists.'. from /workspaces/DevOpsApiClients/Git/PullRequests/tests/List-PullRequests.Tests.ps1:29 char:17
    + …             &amp; $ScriptPath -Organization 'testorg' -RepositoryId 'test …
    +               ~~~~~~~~~~~~~~~~~~~~~~~~~~~~~~~~~~~~~~~~~~~~~~~~~~~~~~~~~</message>
                      <stack-trace>at } | Should -Throw '*ProjectId*', /workspaces/DevOpsApiClients/Git/PullRequests/tests/List-PullRequests.Tests.ps1:30
at &lt;ScriptBlock&gt;, /workspaces/DevOpsApiClients/Git/PullRequests/tests/List-PullRequests.Tests.ps1:28</stack-trace>
                    </failure>
                  </test-case>
                  <test-case description="Throws when Pat is empty" name="List-PullRequests.ps1.Input validation.Throws when Pat is empty" time="0.2985" asserts="0" success="False" result="Failure" executed="True">
                    <failure>
                      <message>Expected an exception with message like '*PAT*' to be thrown, but the message was 'Response status code does not indicate success: 401 (Unauthorized).'. from /workspaces/DevOpsApiClients/Git/PullRequests/List-PullRequests.ps1:63 char:13
    + $response = Invoke-RestMethod -Uri $uri -Method Get -Headers $headers …
    +             ~~~~~~~~~~~~~~~~~~~~~~~~~~~~~~~~~~~~~~~~~~~~~~~~~~~~~~~~~</message>
                      <stack-trace>at } | Should -Throw '*PAT*', /workspaces/DevOpsApiClients/Git/PullRequests/tests/List-PullRequests.Tests.ps1:36
at &lt;ScriptBlock&gt;, /workspaces/DevOpsApiClients/Git/PullRequests/tests/List-PullRequests.Tests.ps1:34</stack-trace>
                    </failure>
                  </test-case>
                </results>
              </test-suite>
              <test-suite type="TestFixture" name="List-PullRequests.ps1.Successful API call (mocked)" executed="True" result="Success" success="True" time="1.4974" asserts="0" description="List-PullRequests.ps1.Successful API call (mocked)">
                <results>
                  <test-case description="Calls the correct URL" name="List-PullRequests.ps1.Successful API call (mocked).Calls the correct URL" time="0.1202" asserts="0" success="True" result="Success" executed="True" />
                  <test-case description="Sends correct Authorization header" name="List-PullRequests.ps1.Successful API call (mocked).Sends correct Authorization header" time="0.0735" asserts="0" success="True" result="Success" executed="True" />
                </results>
              </test-suite>
              <test-suite type="TestFixture" name="List-PullRequests.ps1.HTTP error handling" executed="True" result="Success" success="True" time="1.535" asserts="0" description="List-PullRequests.ps1.HTTP error handling">
                <results>
                  <test-case description="Throws on 404 (not found)" name="List-PullRequests.ps1.HTTP error handling.Throws on 404 (not found)" time="0.0316" asserts="0" success="True" result="Success" executed="True" />
                </results>
              </test-suite>
            </results>
          </test-suite>
        </results>
      </test-suite>
      <test-suite type="TestFixture" name="/workspaces/DevOpsApiClients/Git/Repositories/tests/Create-Repository.Tests.ps1" executed="True" result="Success" success="True" time="0.3717" asserts="0" description="/workspaces/DevOpsApiClients/Git/Repositories/tests/Create-Repository.Tests.ps1">
        <results>
          <test-suite type="TestFixture" name="Create-Repository.ps1" executed="True" result="Success" success="True" time="0.2386" asserts="0" description="Create-Repository.ps1">
            <results>
              <test-suite type="TestFixture" name="Create-Repository.ps1.Input validation" executed="True" result="Success" success="True" time="0.114" asserts="0" description="Create-Repository.ps1.Input validation">
                <results>
                  <test-case description="Throws when Organisation is empty" name="Create-Repository.ps1.Input validation.Throws when Organisation is empty" time="0.0455" asserts="0" success="True" result="Success" executed="True" />
                  <test-case description="Throws when ProjectId is empty" name="Create-Repository.ps1.Input validation.Throws when ProjectId is empty" time="0.0105" asserts="0" success="True" result="Success" executed="True" />
                  <test-case description="Throws when Pat is empty" name="Create-Repository.ps1.Input validation.Throws when Pat is empty" time="0.0108" asserts="0" success="True" result="Success" executed="True" />
                </results>
              </test-suite>
              <test-suite type="TestFixture" name="Create-Repository.ps1.Successful API call (mocked)" executed="True" result="Success" success="True" time="0.2175" asserts="0" description="Create-Repository.ps1.Successful API call (mocked)">
                <results>
                  <test-case description="Calls the correct URL with POST method" name="Create-Repository.ps1.Successful API call (mocked).Calls the correct URL with POST method" time="0.0409" asserts="0" success="True" result="Success" executed="True" />
                  <test-case description="Sends request body with repo name" name="Create-Repository.ps1.Successful API call (mocked).Sends request body with repo name" time="0.0521" asserts="0" success="True" result="Success" executed="True" />
                </results>
              </test-suite>
            </results>
          </test-suite>
        </results>
      </test-suite>
      <test-suite type="TestFixture" name="/workspaces/DevOpsApiClients/Git/Repositories/tests/Delete-Repository.Tests.ps1" executed="True" result="Success" success="True" time="0.3256" asserts="0" description="/workspaces/DevOpsApiClients/Git/Repositories/tests/Delete-Repository.Tests.ps1">
        <results>
          <test-suite type="TestFixture" name="Delete-Repository.ps1" executed="True" result="Success" success="True" time="0.2986" asserts="0" description="Delete-Repository.ps1">
            <results>
              <test-suite type="TestFixture" name="Delete-Repository.ps1.Input validation" executed="True" result="Success" success="True" time="0.163" asserts="0" description="Delete-Repository.ps1.Input validation">
                <results>
                  <test-case description="Throws when Organisation is empty" name="Delete-Repository.ps1.Input validation.Throws when Organisation is empty" time="0.0196" asserts="0" success="True" result="Success" executed="True" />
                  <test-case description="Throws when ProjectId is empty" name="Delete-Repository.ps1.Input validation.Throws when ProjectId is empty" time="0.033" asserts="0" success="True" result="Success" executed="True" />
                  <test-case description="Throws when RepositoryId is empty" name="Delete-Repository.ps1.Input validation.Throws when RepositoryId is empty" time="0.0145" asserts="0" success="True" result="Success" executed="True" />
                  <test-case description="Throws when Pat is empty" name="Delete-Repository.ps1.Input validation.Throws when Pat is empty" time="0.084" asserts="0" success="True" result="Success" executed="True" />
                </results>
              </test-suite>
              <test-suite type="TestFixture" name="Delete-Repository.ps1.Successful API call (mocked)" executed="True" result="Success" success="True" time="0.2576" asserts="0" description="Delete-Repository.ps1.Successful API call (mocked)">
                <results>
                  <test-case description="Calls the correct URL with DELETE method and returns 204" name="Delete-Repository.ps1.Successful API call (mocked).Calls the correct URL with DELETE method and returns 204" time="0.0785" asserts="0" success="True" result="Success" executed="True" />
                </results>
              </test-suite>
              <test-suite type="TestFixture" name="Delete-Repository.ps1.HTTP error handling" executed="True" result="Success" success="True" time="0.2939" asserts="0" description="Delete-Repository.ps1.HTTP error handling">
                <results>
                  <test-case description="Throws on 404 (repository not found)" name="Delete-Repository.ps1.HTTP error handling.Throws on 404 (repository not found)" time="0.029" asserts="0" success="True" result="Success" executed="True" />
                </results>
              </test-suite>
            </results>
          </test-suite>
        </results>
      </test-suite>
      <test-suite type="TestFixture" name="/workspaces/DevOpsApiClients/Git/Repositories/tests/Get-Repository.Tests.ps1" executed="True" result="Success" success="True" time="0.4256" asserts="0" description="/workspaces/DevOpsApiClients/Git/Repositories/tests/Get-Repository.Tests.ps1">
        <results>
          <test-suite type="TestFixture" name="Get-Repository.ps1" executed="True" result="Success" success="True" time="0.3664" asserts="0" description="Get-Repository.ps1">
            <results>
              <test-suite type="TestFixture" name="Get-Repository.ps1.Input validation" executed="True" result="Success" success="True" time="0.091" asserts="0" description="Get-Repository.ps1.Input validation">
                <results>
                  <test-case description="Throws when Organisation is empty" name="Get-Repository.ps1.Input validation.Throws when Organisation is empty" time="0.0165" asserts="0" success="True" result="Success" executed="True" />
                  <test-case description="Throws when ProjectId is empty" name="Get-Repository.ps1.Input validation.Throws when ProjectId is empty" time="0.0117" asserts="0" success="True" result="Success" executed="True" />
                  <test-case description="Throws when RepositoryId is empty" name="Get-Repository.ps1.Input validation.Throws when RepositoryId is empty" time="0.0349" asserts="0" success="True" result="Success" executed="True" />
                  <test-case description="Throws when Pat is empty" name="Get-Repository.ps1.Input validation.Throws when Pat is empty" time="0.0202" asserts="0" success="True" result="Success" executed="True" />
                </results>
              </test-suite>
              <test-suite type="TestFixture" name="Get-Repository.ps1.Successful API call (mocked)" executed="True" result="Success" success="True" time="0.2783" asserts="0" description="Get-Repository.ps1.Successful API call (mocked)">
                <results>
                  <test-case description="Calls the correct URL including project and repo ID" name="Get-Repository.ps1.Successful API call (mocked).Calls the correct URL including project and repo ID" time="0.0378" asserts="0" success="True" result="Success" executed="True" />
                  <test-case description="Sends correct Authorization header" name="Get-Repository.ps1.Successful API call (mocked).Sends correct Authorization header" time="0.03" asserts="0" success="True" result="Success" executed="True" />
                  <test-case description="Outputs repository details with expected fields" name="Get-Repository.ps1.Successful API call (mocked).Outputs repository details with expected fields" time="0.1077" asserts="0" success="True" result="Success" executed="True" />
                </results>
              </test-suite>
              <test-suite type="TestFixture" name="Get-Repository.ps1.HTTP error handling" executed="True" result="Success" success="True" time="0.3593" asserts="0" description="Get-Repository.ps1.HTTP error handling">
                <results>
                  <test-case description="Throws on 404 (repository not found)" name="Get-Repository.ps1.HTTP error handling.Throws on 404 (repository not found)" time="0.0685" asserts="0" success="True" result="Success" executed="True" />
                </results>
              </test-suite>
            </results>
          </test-suite>
        </results>
      </test-suite>
      <test-suite type="TestFixture" name="/workspaces/DevOpsApiClients/Git/Repositories/tests/List-Repositories.Tests.ps1" executed="True" result="Success" success="True" time="0.3941" asserts="0" description="/workspaces/DevOpsApiClients/Git/Repositories/tests/List-Repositories.Tests.ps1">
        <results>
          <test-suite type="TestFixture" name="List-Repositories.ps1" executed="True" result="Success" success="True" time="0.3276" asserts="0" description="List-Repositories.ps1">
            <results>
              <test-suite type="TestFixture" name="List-Repositories.ps1.Input validation" executed="True" result="Success" success="True" time="0.0855" asserts="0" description="List-Repositories.ps1.Input validation">
                <results>
                  <test-case description="Throws when Organisation is empty" name="List-Repositories.ps1.Input validation.Throws when Organisation is empty" time="0.0317" asserts="0" success="True" result="Success" executed="True" />
                  <test-case description="Throws when Pat is empty" name="List-Repositories.ps1.Input validation.Throws when Pat is empty" time="0.0458" asserts="0" success="True" result="Success" executed="True" />
                </results>
              </test-suite>
              <test-suite type="TestFixture" name="List-Repositories.ps1.Successful API call (mocked)" executed="True" result="Success" success="True" time="0.2648" asserts="0" description="List-Repositories.ps1.Successful API call (mocked)">
                <results>
                  <test-case description="Calls the correct URL with api-version 7.2" name="List-Repositories.ps1.Successful API call (mocked).Calls the correct URL with api-version 7.2" time="0.0567" asserts="0" success="True" result="Success" executed="True" />
                  <test-case description="Sends correct Authorization header" name="List-Repositories.ps1.Successful API call (mocked).Sends correct Authorization header" time="0.0286" asserts="0" success="True" result="Success" executed="True" />
                  <test-case description="Parses repository count from response" name="List-Repositories.ps1.Successful API call (mocked).Parses repository count from response" time="0.0411" asserts="0" success="True" result="Success" executed="True" />
                  <test-case description="Outputs repository names" name="List-Repositories.ps1.Successful API call (mocked).Outputs repository names" time="0.0378" asserts="0" success="True" result="Success" executed="True" />
                </results>
              </test-suite>
              <test-suite type="TestFixture" name="List-Repositories.ps1.Version guard" executed="True" result="Success" success="True" time="0.3167" asserts="0" description="List-Repositories.ps1.Version guard">
                <results>
                  <test-case description="Writes a warning when response lacks count property" name="List-Repositories.ps1.Version guard.Writes a warning when response lacks count property" time="0.0468" asserts="0" success="True" result="Success" executed="True" />
                </results>
              </test-suite>
            </results>
          </test-suite>
        </results>
      </test-suite>
      <test-suite type="TestFixture" name="/workspaces/DevOpsApiClients/Core/Projects/tests/Get-Project.Tests.ps1" executed="True" result="Success" success="True" time="0.4296" asserts="0" description="/workspaces/DevOpsApiClients/Core/Projects/tests/Get-Project.Tests.ps1">
        <results>
          <test-suite type="TestFixture" name="Get-Project.ps1" executed="True" result="Success" success="True" time="0.3886" asserts="0" description="Get-Project.ps1">
            <results>
              <test-suite type="TestFixture" name="Get-Project.ps1.Input validation" executed="True" result="Success" success="True" time="0.0743" asserts="0" description="Get-Project.ps1.Input validation">
                <results>
                  <test-case description="Throws when Organisation is empty" name="Get-Project.ps1.Input validation.Throws when Organisation is empty" time="0.0147" asserts="0" success="True" result="Success" executed="True" />
                  <test-case description="Throws when ProjectId is empty" name="Get-Project.ps1.Input validation.Throws when ProjectId is empty" time="0.0306" asserts="0" success="True" result="Success" executed="True" />
                  <test-case description="Throws when Pat is empty" name="Get-Project.ps1.Input validation.Throws when Pat is empty" time="0.023" asserts="0" success="True" result="Success" executed="True" />
                </results>
              </test-suite>
              <test-suite type="TestFixture" name="Get-Project.ps1.Successful API call (mocked)" executed="True" result="Success" success="True" time="0.2863" asserts="0" description="Get-Project.ps1.Successful API call (mocked)">
                <results>
                  <test-case description="Calls the correct URL including project ID" name="Get-Project.ps1.Successful API call (mocked).Calls the correct URL including project ID" time="0.0748" asserts="0" success="True" result="Success" executed="True" />
                  <test-case description="Sends correct Authorization header" name="Get-Project.ps1.Successful API call (mocked).Sends correct Authorization header" time="0.0413" asserts="0" success="True" result="Success" executed="True" />
                  <test-case description="Outputs project details with expected fields" name="Get-Project.ps1.Successful API call (mocked).Outputs project details with expected fields" time="0.0802" asserts="0" success="True" result="Success" executed="True" />
                </results>
              </test-suite>
              <test-suite type="TestFixture" name="Get-Project.ps1.Version guard" executed="True" result="Success" success="True" time="0.3332" asserts="0" description="Get-Project.ps1.Version guard">
                <results>
                  <test-case description="Throws when response lacks id property (strict mode)" name="Get-Project.ps1.Version guard.Throws when response lacks id property (strict mode)" time="0.0413" asserts="0" success="True" result="Success" executed="True" />
                </results>
              </test-suite>
              <test-suite type="TestFixture" name="Get-Project.ps1.HTTP error handling" executed="True" result="Success" success="True" time="0.3834" asserts="0" description="Get-Project.ps1.HTTP error handling">
                <results>
                  <test-case description="Throws on 404 (project not found)" name="Get-Project.ps1.HTTP error handling.Throws on 404 (project not found)" time="0.0444" asserts="0" success="True" result="Success" executed="True" />
                </results>
              </test-suite>
            </results>
          </test-suite>
        </results>
      </test-suite>
      <test-suite type="TestFixture" name="/workspaces/DevOpsApiClients/Core/Projects/tests/List-Projects.Tests.ps1" executed="True" result="Success" success="True" time="0.2663" asserts="0" description="/workspaces/DevOpsApiClients/Core/Projects/tests/List-Projects.Tests.ps1">
        <results>
          <test-suite type="TestFixture" name="List-Projects.ps1" executed="True" result="Success" success="True" time="0.2265" asserts="0" description="List-Projects.ps1">
            <results>
              <test-suite type="TestFixture" name="List-Projects.ps1.Input validation" executed="True" result="Success" success="True" time="0.0512" asserts="0" description="List-Projects.ps1.Input validation">
                <results>
                  <test-case description="Throws when Organisation is empty" name="List-Projects.ps1.Input validation.Throws when Organisation is empty" time="0.0206" asserts="0" success="True" result="Success" executed="True" />
                  <test-case description="Throws when Pat is empty" name="List-Projects.ps1.Input validation.Throws when Pat is empty" time="0.0216" asserts="0" success="True" result="Success" executed="True" />
                </results>
              </test-suite>
              <test-suite type="TestFixture" name="List-Projects.ps1.Successful API call (mocked)" executed="True" result="Success" success="True" time="0.1963" asserts="0" description="List-Projects.ps1.Successful API call (mocked)">
                <results>
                  <test-case description="Calls the correct URL with api-version 7.2-preview.4" name="List-Projects.ps1.Successful API call (mocked).Calls the correct URL with api-version 7.2-preview.4" time="0.0551" asserts="0" success="True" result="Success" executed="True" />
                  <test-case description="Sends correct Authorization header" name="List-Projects.ps1.Successful API call (mocked).Sends correct Authorization header" time="0.0358" asserts="0" success="True" result="Success" executed="True" />
                  <test-case description="Parses project count from response" name="List-Projects.ps1.Successful API call (mocked).Parses project count from response" time="0.0341" asserts="0" success="True" result="Success" executed="True" />
                </results>
              </test-suite>
              <test-suite type="TestFixture" name="List-Projects.ps1.Version guard" executed="True" result="Success" success="True" time="0.2221" asserts="0" description="List-Projects.ps1.Version guard">
                <results>
                  <test-case description="Writes a warning when response lacks count property" name="List-Projects.ps1.Version guard.Writes a warning when response lacks count property" time="0.0215" asserts="0" success="True" result="Success" executed="True" />
                </results>
              </test-suite>
            </results>
          </test-suite>
        </results>
      </test-suite>
      <test-suite type="TestFixture" name="/workspaces/DevOpsApiClients/Core/Projects/tests/Update-Project.Tests.ps1" executed="True" result="Success" success="True" time="0.4511" asserts="0" description="/workspaces/DevOpsApiClients/Core/Projects/tests/Update-Project.Tests.ps1">
        <results>
          <test-suite type="TestFixture" name="Update-Project.ps1" executed="True" result="Success" success="True" time="0.4207" asserts="0" description="Update-Project.ps1">
            <results>
              <test-suite type="TestFixture" name="Update-Project.ps1.Input validation" executed="True" result="Success" success="True" time="0.039" asserts="0" description="Update-Project.ps1.Input validation">
                <results>
                  <test-case description="Throws when Organisation is empty" name="Update-Project.ps1.Input validation.Throws when Organisation is empty" time="0.0124" asserts="0" success="True" result="Success" executed="True" />
                  <test-case description="Throws when ProjectId is empty" name="Update-Project.ps1.Input validation.Throws when ProjectId is empty" time="0.0075" asserts="0" success="True" result="Success" executed="True" />
                  <test-case description="Throws when Pat is empty" name="Update-Project.ps1.Input validation.Throws when Pat is empty" time="0.0069" asserts="0" success="True" result="Success" executed="True" />
                  <test-case description="Throws when no update parameters are given" name="Update-Project.ps1.Input validation.Throws when no update parameters are given" time="0.0077" asserts="0" success="True" result="Success" executed="True" />
                </results>
              </test-suite>
              <test-suite type="TestFixture" name="Update-Project.ps1.GUID resolution (mocked)" executed="True" result="Success" success="True" time="0.2022" asserts="0" description="Update-Project.ps1.GUID resolution (mocked)">
                <results>
                  <test-case description="Resolves project name to GUID via GET before PATCHing" name="Update-Project.ps1.GUID resolution (mocked).Resolves project name to GUID via GET before PATCHing" time="0.087" asserts="0" success="True" result="Success" executed="True" />
                  <test-case description="Skips resolution when ProjectId is already a GUID" name="Update-Project.ps1.GUID resolution (mocked).Skips resolution when ProjectId is already a GUID" time="0.0636" asserts="0" success="True" result="Success" executed="True" />
                </results>
              </test-suite>
              <test-suite type="TestFixture" name="Update-Project.ps1.Request body (mocked)" executed="True" result="Success" success="True" time="0.3449" asserts="0" description="Update-Project.ps1.Request body (mocked)">
                <results>
                  <test-case description="Sends description in request body" name="Update-Project.ps1.Request body (mocked).Sends description in request body" time="0.0826" asserts="0" success="True" result="Success" executed="True" />
                  <test-case description="Sends visibility in request body" name="Update-Project.ps1.Request body (mocked).Sends visibility in request body" time="0.0491" asserts="0" success="True" result="Success" executed="True" />
                </results>
              </test-suite>
              <test-suite type="TestFixture" name="Update-Project.ps1.Version guard" executed="True" result="Success" success="True" time="0.3762" asserts="0" description="Update-Project.ps1.Version guard">
                <results>
                  <test-case description="Throws when response lacks id property (strict mode)" name="Update-Project.ps1.Version guard.Throws when response lacks id property (strict mode)" time="0.0267" asserts="0" success="True" result="Success" executed="True" />
                </results>
              </test-suite>
              <test-suite type="TestFixture" name="Update-Project.ps1.HTTP error handling" executed="True" result="Success" success="True" time="0.4171" asserts="0" description="Update-Project.ps1.HTTP error handling">
                <results>
                  <test-case description="Throws on 401 (unauthorized)" name="Update-Project.ps1.HTTP error handling.Throws on 401 (unauthorized)" time="0.0365" asserts="0" success="True" result="Success" executed="True" />
                </results>
              </test-suite>
            </results>
          </test-suite>
        </results>
      </test-suite>
      <test-suite type="TestFixture" name="/workspaces/DevOpsApiClients/Core/Teams/tests/List-Teams.Tests.ps1" executed="True" result="Failure" success="False" time="0.1368" asserts="0" description="/workspaces/DevOpsApiClients/Core/Teams/tests/List-Teams.Tests.ps1">
        <results>
          <test-suite type="TestFixture" name="List-Teams.ps1" executed="True" result="Failure" success="False" time="0.1119" asserts="0" description="List-Teams.ps1">
            <results>
              <test-suite type="TestFixture" name="List-Teams.ps1.Input validation" executed="True" result="Failure" success="False" time="0.0433" asserts="0" description="List-Teams.ps1.Input validation">
                <results>
                  <test-case description="Throws when Organisation is empty" name="List-Teams.ps1.Input validation.Throws when Organisation is empty" time="0.0225" asserts="0" success="False" result="Failure" executed="True">
                    <failure>
                      <message>Expected an exception with message like '*Organisation*' to be thrown, but the message was 'The variable '$ProjectId' cannot be retrieved because it has not been set.'. from /workspaces/DevOpsApiClients/Core/Teams/tests/List-Teams.Tests.ps1:22 char:17
    +                 &amp; $ScriptPath -Pat 'fakepat'
    +                 ~~~~~~~~~~~~~~~~~~~~~~~~~~~~</message>
                      <stack-trace>at } | Should -Throw '*Organisation*', /workspaces/DevOpsApiClients/Core/Teams/tests/List-Teams.Tests.ps1:23
at &lt;ScriptBlock&gt;, /workspaces/DevOpsApiClients/Core/Teams/tests/List-Teams.Tests.ps1:21</stack-trace>
                    </failure>
                  </test-case>
                  <test-case description="Throws when Pat is empty" name="List-Teams.ps1.Input validation.Throws when Pat is empty" time="0.016" asserts="0" success="False" result="Failure" executed="True">
                    <failure>
                      <message>Expected an exception with message like '*PAT*' to be thrown, but the message was 'The variable '$ProjectId' cannot be retrieved because it has not been set.'. from /workspaces/DevOpsApiClients/Core/Teams/tests/List-Teams.Tests.ps1:28 char:17
    +                 &amp; $ScriptPath -Organization 'testorg'
    +                 ~~~~~~~~~~~~~~~~~~~~~~~~~~~~~~~~~~~~~</message>
                      <stack-trace>at } | Should -Throw '*PAT*', /workspaces/DevOpsApiClients/Core/Teams/tests/List-Teams.Tests.ps1:29
at &lt;ScriptBlock&gt;, /workspaces/DevOpsApiClients/Core/Teams/tests/List-Teams.Tests.ps1:27</stack-trace>
                    </failure>
                  </test-case>
                </results>
              </test-suite>
              <test-suite type="TestFixture" name="List-Teams.ps1.Successful API call (mocked)" executed="True" result="Failure" success="False" time="0.0883" asserts="0" description="List-Teams.ps1.Successful API call (mocked)">
                <results>
                  <test-case description="Calls the correct URL" name="List-Teams.ps1.Successful API call (mocked).Calls the correct URL" time="0.0195" asserts="0" success="False" result="Failure" executed="True">
                    <failure>
                      <message>RuntimeException: The variable '$ProjectId' cannot be retrieved because it has not been set.</message>
                      <stack-trace>at &lt;ScriptBlock&gt;, /workspaces/DevOpsApiClients/Core/Teams/List-Teams.ps1:47
at &lt;ScriptBlock&gt;, /workspaces/DevOpsApiClients/Core/Teams/tests/List-Teams.Tests.ps1:42</stack-trace>
                    </failure>
                  </test-case>
                  <test-case description="Sends correct Authorization header" name="List-Teams.ps1.Successful API call (mocked).Sends correct Authorization header" time="0.0204" asserts="0" success="False" result="Failure" executed="True">
                    <failure>
                      <message>RuntimeException: The variable '$ProjectId' cannot be retrieved because it has not been set.</message>
                      <stack-trace>at &lt;ScriptBlock&gt;, /workspaces/DevOpsApiClients/Core/Teams/List-Teams.ps1:47
at &lt;ScriptBlock&gt;, /workspaces/DevOpsApiClients/Core/Teams/tests/List-Teams.Tests.ps1:58</stack-trace>
                    </failure>
                  </test-case>
                </results>
              </test-suite>
              <test-suite type="TestFixture" name="List-Teams.ps1.HTTP error handling" executed="True" result="Success" success="True" time="0.1079" asserts="0" description="List-Teams.ps1.HTTP error handling">
                <results>
                  <test-case description="Throws on 404 (not found)" name="List-Teams.ps1.HTTP error handling.Throws on 404 (not found)" time="0.0152" asserts="0" success="True" result="Success" executed="True" />
                </results>
              </test-suite>
            </results>
          </test-suite>
        </results>
      </test-suite>
      <test-suite type="TestFixture" name="/workspaces/DevOpsApiClients/WorkItemTracking/WorkItems/tests/Create-WorkItem.Tests.ps1" executed="True" result="Success" success="True" time="0.265" asserts="0" description="/workspaces/DevOpsApiClients/WorkItemTracking/WorkItems/tests/Create-WorkItem.Tests.ps1">
        <results>
          <test-suite type="TestFixture" name="Create-WorkItem.ps1" executed="True" result="Success" success="True" time="0.2311" asserts="0" description="Create-WorkItem.ps1">
            <results>
              <test-suite type="TestFixture" name="Create-WorkItem.ps1.Input validation" executed="True" result="Success" success="True" time="0.0696" asserts="0" description="Create-WorkItem.ps1.Input validation">
                <results>
                  <test-case description="Throws when Organisation is empty" name="Create-WorkItem.ps1.Input validation.Throws when Organisation is empty" time="0.0168" asserts="0" success="True" result="Success" executed="True" />
                  <test-case description="Throws when ProjectId is empty" name="Create-WorkItem.ps1.Input validation.Throws when ProjectId is empty" time="0.0173" asserts="0" success="True" result="Success" executed="True" />
                  <test-case description="Throws when WorkItemType is empty" name="Create-WorkItem.ps1.Input validation.Throws when WorkItemType is empty" time="0.0152" asserts="0" success="True" result="Success" executed="True" />
                  <test-case description="Throws when Title is empty" name="Create-WorkItem.ps1.Input validation.Throws when Title is empty" time="0.008" asserts="0" success="True" result="Success" executed="True" />
                  <test-case description="Throws when Pat is empty" name="Create-WorkItem.ps1.Input validation.Throws when Pat is empty" time="0.0072" asserts="0" success="True" result="Success" executed="True" />
                </results>
              </test-suite>
              <test-suite type="TestFixture" name="Create-WorkItem.ps1.Successful API call (mocked)" executed="True" result="Success" success="True" time="0.2018" asserts="0" description="Create-WorkItem.ps1.Successful API call (mocked)">
                <results>
                  <test-case description="Calls the correct URL with $type in the path" name="Create-WorkItem.ps1.Successful API call (mocked).Calls the correct URL with $type in the path" time="0.0315" asserts="0" success="True" result="Success" executed="True" />
                  <test-case description="Sends JSON Patch content type" name="Create-WorkItem.ps1.Successful API call (mocked).Sends JSON Patch content type" time="0.0351" asserts="0" success="True" result="Success" executed="True" />
                  <test-case description="Includes Title in the request body" name="Create-WorkItem.ps1.Successful API call (mocked).Includes Title in the request body" time="0.0391" asserts="0" success="True" result="Success" executed="True" />
                  <test-case description="Outputs created work item ID" name="Create-WorkItem.ps1.Successful API call (mocked).Outputs created work item ID" time="0.0202" asserts="0" success="True" result="Success" executed="True" />
                </results>
              </test-suite>
              <test-suite type="TestFixture" name="Create-WorkItem.ps1.HTTP error handling" executed="True" result="Success" success="True" time="0.2269" asserts="0" description="Create-WorkItem.ps1.HTTP error handling">
                <results>
                  <test-case description="Throws on 401 (auth failure)" name="Create-WorkItem.ps1.HTTP error handling.Throws on 401 (auth failure)" time="0.0214" asserts="0" success="True" result="Success" executed="True" />
                </results>
              </test-suite>
            </results>
          </test-suite>
        </results>
      </test-suite>
      <test-suite type="TestFixture" name="/workspaces/DevOpsApiClients/WorkItemTracking/WorkItems/tests/Get-WorkItem.Tests.ps1" executed="True" result="Success" success="True" time="0.1872" asserts="0" description="/workspaces/DevOpsApiClients/WorkItemTracking/WorkItems/tests/Get-WorkItem.Tests.ps1">
        <results>
          <test-suite type="TestFixture" name="Get-WorkItem.ps1" executed="True" result="Success" success="True" time="0.1632" asserts="0" description="Get-WorkItem.ps1">
            <results>
              <test-suite type="TestFixture" name="Get-WorkItem.ps1.Input validation" executed="True" result="Success" success="True" time="0.0445" asserts="0" description="Get-WorkItem.ps1.Input validation">
                <results>
                  <test-case description="Throws when Organisation is empty" name="Get-WorkItem.ps1.Input validation.Throws when Organisation is empty" time="0.0154" asserts="0" success="True" result="Success" executed="True" />
                  <test-case description="Throws when ProjectId is empty" name="Get-WorkItem.ps1.Input validation.Throws when ProjectId is empty" time="0.0072" asserts="0" success="True" result="Success" executed="True" />
                  <test-case description="Throws when WorkItemId is empty" name="Get-WorkItem.ps1.Input validation.Throws when WorkItemId is empty" time="0.0087" asserts="0" success="True" result="Success" executed="True" />
                  <test-case description="Throws when Pat is empty" name="Get-WorkItem.ps1.Input validation.Throws when Pat is empty" time="0.0082" asserts="0" success="True" result="Success" executed="True" />
                </results>
              </test-suite>
              <test-suite type="TestFixture" name="Get-WorkItem.ps1.Successful API call (mocked)" executed="True" result="Success" success="True" time="0.1292" asserts="0" description="Get-WorkItem.ps1.Successful API call (mocked)">
                <results>
                  <test-case description="Calls the correct URL including project and work item ID" name="Get-WorkItem.ps1.Successful API call (mocked).Calls the correct URL including project and work item ID" time="0.0279" asserts="0" success="True" result="Success" executed="True" />
                  <test-case description="Sends correct Authorization header" name="Get-WorkItem.ps1.Successful API call (mocked).Sends correct Authorization header" time="0.0216" asserts="0" success="True" result="Success" executed="True" />
                  <test-case description="Outputs work item details with title" name="Get-WorkItem.ps1.Successful API call (mocked).Outputs work item details with title" time="0.0275" asserts="0" success="True" result="Success" executed="True" />
                </results>
              </test-suite>
              <test-suite type="TestFixture" name="Get-WorkItem.ps1.HTTP error handling" executed="True" result="Success" success="True" time="0.16" asserts="0" description="Get-WorkItem.ps1.HTTP error handling">
                <results>
                  <test-case description="Throws on 404 (work item not found)" name="Get-WorkItem.ps1.HTTP error handling.Throws on 404 (work item not found)" time="0.0264" asserts="0" success="True" result="Success" executed="True" />
                </results>
              </test-suite>
            </results>
          </test-suite>
        </results>
      </test-suite>
    </results>
  </test-suite>
</test-results>